TN:
SF:src/app/app.component.html
FNF:0
FNH:0
DA:1,1
LF:1
LH:1
BRF:0
BRH:0
end_of_record
TN:
SF:src/app/app.component.ts
FN:8,(anonymous_0)
FNF:1
FNH:1
FNDA:2,(anonymous_0)
DA:1,1
DA:8,1
DA:9,2
LF:3
LH:3
BRF:0
BRH:0
end_of_record
TN:
SF:src/app/products/components/form/register-form.component.html
FNF:0
FNH:0
DA:1,2
LF:1
LH:1
BRF:0
BRH:0
end_of_record
TN:
SF:src/app/products/components/form/register-form.component.ts
FN:24,(anonymous_0)
FN:31,(anonymous_1)
FN:34,(anonymous_2)
FN:35,(anonymous_3)
FN:40,(anonymous_4)
FN:51,(anonymous_5)
FN:63,(anonymous_6)
FN:69,(anonymous_7)
FN:87,(anonymous_8)
FN:91,(anonymous_9)
FN:97,(anonymous_10)
FN:104,(anonymous_11)
FN:113,(anonymous_12)
FN:135,(anonymous_13)
FN:139,(anonymous_14)
FNF:15
FNH:15
FNDA:19,(anonymous_0)
FNDA:34,(anonymous_1)
FNDA:34,(anonymous_2)
FNDA:33,(anonymous_3)
FNDA:10,(anonymous_4)
FNDA:34,(anonymous_5)
FNDA:228,(anonymous_6)
FNDA:3,(anonymous_7)
FNDA:1,(anonymous_8)
FNDA:1,(anonymous_9)
FNDA:2,(anonymous_10)
FNDA:41,(anonymous_11)
FNDA:6,(anonymous_12)
FNDA:2,(anonymous_13)
FNDA:38,(anonymous_14)
DA:1,2
DA:2,2
DA:3,2
DA:4,2
DA:6,2
DA:7,2
DA:8,2
DA:15,2
DA:17,19
DA:18,19
DA:19,19
DA:21,19
DA:24,19
DA:25,19
DA:26,19
DA:27,19
DA:28,19
DA:32,34
DA:33,34
DA:34,34
DA:36,33
DA:37,33
DA:38,31
DA:39,10
DA:40,10
DA:41,10
DA:42,10
DA:43,10
DA:44,10
DA:45,10
DA:47,10
DA:53,34
DA:64,228
DA:70,3
DA:71,1
DA:72,1
DA:75,2
DA:84,2
DA:86,2
DA:87,1
DA:88,1
DA:91,1
DA:92,1
DA:98,2
DA:99,2
DA:100,2
DA:105,41
DA:106,41
DA:107,41
DA:108,41
DA:109,41
DA:114,6
DA:116,5
DA:118,5
DA:119,4
DA:121,1
DA:123,1
DA:125,1
DA:127,1
DA:131,1
DA:136,2
DA:140,38
LF:62
LH:62
BRDA:37,0,0,2
BRDA:38,1,0,21
BRDA:41,2,0,10
BRDA:70,3,0,1
BRDA:86,4,0,1
BRDA:86,4,1,1
BRDA:107,5,0,40
BRDA:107,5,1,1
BRDA:108,6,0,1
BRDA:108,6,1,40
BRDA:114,7,0,1
BRDA:116,8,0,5
BRDA:116,8,1,1
BRDA:119,9,0,1
BRDA:119,9,1,1
BRDA:119,9,2,1
BRDA:119,9,3,1
BRDA:136,10,0,1
BRDA:136,10,1,1
BRF:19
BRH:19
end_of_record
TN:
SF:src/app/products/components/header/header.component.html
FNF:0
FNH:0
DA:1,2
LF:1
LH:1
BRF:0
BRH:0
end_of_record
TN:
SF:src/app/products/components/header/header.component.ts
FNF:0
FNH:0
DA:1,2
DA:8,2
LF:2
LH:2
BRF:0
BRH:0
end_of_record
TN:
SF:src/app/products/components/table/table-content/table-content.component.html
FNF:0
FNH:0
DA:1,1
LF:1
LH:1
BRF:0
BRH:0
end_of_record
TN:
SF:src/app/products/components/table/table-content/table-content.component.ts
FN:20,(anonymous_0)
FN:26,(anonymous_1)
FN:33,(anonymous_2)
FN:34,(anonymous_3)
FN:40,(anonymous_4)
FNF:5
FNH:5
FNDA:4,(anonymous_0)
FNDA:1,(anonymous_1)
FNDA:1,(anonymous_2)
FNDA:1,(anonymous_3)
FNDA:2,(anonymous_4)
DA:1,1
DA:3,1
DA:5,1
DA:12,1
DA:15,4
DA:16,4
DA:17,4
DA:18,4
DA:21,4
DA:22,4
DA:27,1
DA:28,1
DA:29,1
DA:30,1
DA:34,1
DA:35,1
DA:36,0
DA:41,2
DA:42,2
LF:19
LH:18
BRF:0
BRH:0
end_of_record
TN:
SF:src/app/products/components/table/table-footer/table-footer.component.html
FNF:0
FNH:0
DA:1,1
LF:1
LH:1
BRF:0
BRH:0
end_of_record
TN:
SF:src/app/products/components/table/table-footer/table-footer.component.ts
FN:29,(anonymous_0)
FN:33,(anonymous_1)
FN:35,(anonymous_2)
FN:38,(anonymous_3)
FN:43,(anonymous_4)
FN:50,(anonymous_5)
FNF:6
FNH:6
FNDA:7,(anonymous_0)
FNDA:3,(anonymous_1)
FNDA:2,(anonymous_2)
FNDA:14,(anonymous_3)
FNDA:1,(anonymous_4)
FNDA:2,(anonymous_5)
DA:1,1
DA:8,1
DA:11,7
DA:14,7
DA:17,7
DA:20,7
DA:22,7
DA:23,7
DA:24,7
DA:25,7
DA:34,3
DA:35,2
DA:39,14
DA:40,14
DA:44,1
DA:45,1
DA:46,1
DA:47,1
DA:51,2
DA:52,1
DA:53,1
LF:21
LH:21
BRDA:34,0,0,2
BRDA:34,1,0,3
BRDA:34,1,1,2
BRDA:51,2,0,1
BRF:4
BRH:4
end_of_record
TN:
SF:src/app/products/components/table/table-header/table-header.component.html
FNF:0
FNH:0
DA:1,1
LF:1
LH:1
BRF:0
BRH:0
end_of_record
TN:
SF:src/app/products/components/table/table-header/table-header.component.ts
FN:14,(anonymous_0)
FN:18,(anonymous_1)
FN:22,(anonymous_2)
FNF:3
FNH:2
FNDA:2,(anonymous_0)
FNDA:1,(anonymous_1)
FNDA:0,(anonymous_2)
DA:1,1
DA:2,1
DA:9,1
DA:12,2
DA:15,2
DA:19,1
DA:23,0
LF:7
LH:6
BRF:0
BRH:0
end_of_record
TN:
SF:src/app/products/pages/error/error.component.html
FNF:0
FNH:0
DA:1,1
LF:1
LH:1
BRF:0
BRH:0
end_of_record
TN:
SF:src/app/products/pages/error/error.component.ts
FNF:0
FNH:0
DA:1,1
DA:8,1
LF:2
LH:2
BRF:0
BRH:0
end_of_record
TN:
SF:src/app/products/pages/layout-page/layout-page.component.html
FNF:0
FNH:0
DA:1,1
LF:1
LH:1
BRF:0
BRH:0
end_of_record
TN:
SF:src/app/products/pages/layout-page/layout-page.component.ts
FN:8,(anonymous_0)
FNF:1
FNH:1
FNDA:1,(anonymous_0)
DA:1,1
DA:8,1
DA:10,1
LF:3
LH:3
BRF:0
BRH:0
end_of_record
TN:
SF:src/app/products/pages/list-products/list-products.component.html
FNF:0
FNH:0
DA:1,1
LF:1
LH:1
BRF:0
BRH:0
end_of_record
TN:
SF:src/app/products/pages/list-products/list-products.component.ts
FN:22,(anonymous_0)
FN:29,(anonymous_1)
FN:31,(anonymous_2)
FN:41,(anonymous_3)
FN:43,(anonymous_4)
FN:50,(anonymous_5)
FN:54,(anonymous_6)
FN:58,(anonymous_7)
FNF:8
FNH:8
FNDA:5,(anonymous_0)
FNDA:5,(anonymous_1)
FNDA:5,(anonymous_2)
FNDA:10,(anonymous_3)
FNDA:10,(anonymous_4)
FNDA:1,(anonymous_5)
FNDA:1,(anonymous_6)
FNDA:1,(anonymous_7)
DA:1,1
DA:2,1
DA:5,1
DA:12,1
DA:14,5
DA:15,5
DA:16,5
DA:17,5
DA:18,5
DA:19,5
DA:23,5
DA:24,5
DA:26,5
DA:31,5
DA:32,5
DA:33,0
DA:34,0
DA:36,5
DA:37,5
DA:42,10
DA:43,10
DA:44,10
DA:45,10
DA:47,0
DA:51,1
DA:55,1
DA:59,1
LF:27
LH:24
BRDA:32,0,0,0
BRDA:42,1,0,10
BRDA:42,2,0,10
BRDA:42,2,1,10
BRF:4
BRH:3
end_of_record
TN:
SF:src/app/products/pages/new-page/new-page.component.html
FNF:0
FNH:0
DA:1,1
LF:1
LH:1
BRF:0
BRH:0
end_of_record
TN:
SF:src/app/products/pages/new-page/new-page.component.ts
FNF:0
FNH:0
DA:1,1
DA:8,1
LF:2
LH:2
BRF:0
BRH:0
end_of_record
TN:
SF:src/app/products/services/id-validator.service.ts
FN:6,isIdExistValidator
FN:7,(anonymous_1)
FN:12,(anonymous_2)
FNF:3
FNH:3
FNDA:35,isIdExistValidator
FNDA:11,(anonymous_1)
FNDA:11,(anonymous_2)
DA:3,3
DA:6,3
DA:7,35
DA:8,11
DA:9,11
DA:13,11
DA:14,1
DA:16,10
LF:8
LH:8
BRDA:13,0,0,1
BRF:1
BRH:1
end_of_record
TN:
SF:src/app/products/services/products.service.ts
FN:16,(anonymous_0)
FN:18,(anonymous_1)
FN:20,(anonymous_2)
FN:24,(anonymous_3)
FN:26,(anonymous_4)
FN:32,(anonymous_5)
FN:34,(anonymous_6)
FN:40,(anonymous_7)
FN:42,(anonymous_8)
FN:48,(anonymous_9)
FN:50,(anonymous_10)
FNF:11
FNH:11
FNDA:11,(anonymous_0)
FNDA:2,(anonymous_1)
FNDA:1,(anonymous_2)
FNDA:2,(anonymous_3)
FNDA:1,(anonymous_4)
FNDA:2,(anonymous_5)
FNDA:1,(anonymous_6)
FNDA:2,(anonymous_7)
FNDA:1,(anonymous_8)
FNDA:2,(anonymous_9)
FNDA:1,(anonymous_10)
DA:1,6
DA:2,6
DA:3,6
DA:9,6
DA:11,11
DA:12,11
DA:16,11
DA:19,2
DA:20,1
DA:25,2
DA:27,1
DA:33,2
DA:35,1
DA:41,2
DA:43,1
DA:49,2
DA:51,1
LF:17
LH:17
BRF:0
BRH:0
end_of_record
TN:
SF:src/app/products/services/validators.service.ts
FN:10,(anonymous_0)
FN:12,(anonymous_1)
FNF:2
FNH:2
FNDA:20,(anonymous_0)
FNDA:228,(anonymous_1)
DA:1,3
DA:8,3
DA:13,228
LF:3
LH:3
BRDA:13,0,0,228
BRDA:13,0,1,130
BRF:2
BRH:2
end_of_record
TN:
SF:src/app/shared/loading-spinner/loading-spinner.component.html
FNF:0
FNH:0
DA:1,1
LF:1
LH:1
BRF:0
BRH:0
end_of_record
TN:
SF:src/app/shared/loading-spinner/loading-spinner.component.ts
FNF:0
FNH:0
DA:1,1
DA:8,1
LF:2
LH:2
BRF:0
BRH:0
end_of_record
